[4/6/2026 7:49:52 PM] [Info] [registered] /admin (Rocket.Unturned.Commands.CommandAdmin/admin)
[4/6/2026 7:49:52 PM] [Info] [registered] /broadcast (Rocket.Unturned.Commands.CommandBroadcast/broadcast)
[4/6/2026 7:49:52 PM] [Info] [registered] /effect (Rocket.Unturned.Commands.CommandEffect/effect)
[4/6/2026 7:49:52 PM] [Info] [registered] /exit (Rocket.Unturned.Commands.CommandExit/exit)
[4/6/2026 7:49:52 PM] [Info] [registered] /god (Rocket.Unturned.Commands.CommandGod/god)
[4/6/2026 7:49:52 PM] [Info] [registered] /heal (Rocket.Unturned.Commands.CommandHeal/heal)
[4/6/2026 7:49:52 PM] [Info] [registered] /help (Rocket.Unturned.Commands.CommandHelp/help)
[4/6/2026 7:49:52 PM] [Info] [registered] /home (Rocket.Unturned.Commands.CommandHome/home)
[4/6/2026 7:49:52 PM] [Info] [registered] /i (Rocket.Unturned.Commands.CommandI/i)
[4/6/2026 7:49:52 PM] [Info] [registered] /item (Rocket.Unturned.Commands.CommandI/item)
[4/6/2026 7:49:52 PM] [Info] [registered] /investigate (Rocket.Unturned.Commands.CommandInvestigate/investigate)
[4/6/2026 7:49:52 PM] [Info] [registered] /more (Rocket.Unturned.Commands.CommandMore/more)
[4/6/2026 7:49:52 PM] [Info] [registered] /p (Rocket.Unturned.Commands.CommandP/p)
[4/6/2026 7:49:52 PM] [Info] [registered] /permissions (Rocket.Unturned.Commands.CommandP/permissions)
[4/6/2026 7:49:52 PM] [Info] [registered] /position (Rocket.Unturned.Commands.CommandPosition/position)
[4/6/2026 7:49:52 PM] [Info] [registered] /pos (Rocket.Unturned.Commands.CommandPosition/pos)
[4/6/2026 7:49:52 PM] [Info] [registered] /rocket (Rocket.Unturned.Commands.CommandRocket/rocket)
[4/6/2026 7:49:52 PM] [Info] [registered] /savelogs (Rocket.Unturned.Commands.CommandSaveLogs/savelogs)
[4/6/2026 7:49:52 PM] [Info] [registered] /tp (Rocket.Unturned.Commands.CommandTp/tp)
[4/6/2026 7:49:52 PM] [Info] [registered] /tphere (Rocket.Unturned.Commands.CommandTphere/tphere)
[4/6/2026 7:49:52 PM] [Info] [registered] /tpwp (Rocket.Unturned.Commands.CommandTpwp/tpwp)
[4/6/2026 7:49:52 PM] [Info] [registered] /unadmin (Rocket.Unturned.Commands.CommandUnadmin/unadmin)
[4/6/2026 7:49:52 PM] [Info] [registered] /v (Rocket.Unturned.Commands.CommandV/v)
[4/6/2026 7:49:52 PM] [Info] [registered] /vanish (Rocket.Unturned.Commands.CommandVanish/vanish)
[4/6/2026 7:49:52 PM] [Info] Rocket dependency registered: Kits, Version=1.0.7.0, Culture=neutral, PublicKeyToken=null at C:\Program Files (x86)\Steam\steamapps\common\U3DS\Servers\Server\Rocket\Plugins\Kits.dll
[4/6/2026 7:49:52 PM] [Info] Loading Kits from C:\Program Files (x86)\Steam\steamapps\common\U3DS\Servers\Server\Rocket\Plugins\Kits.dll
[4/6/2026 7:49:53 PM] [Info] 
[loading] Kits
[4/6/2026 7:49:53 PM] [Info] [registered] /createkit (RestoreMonarchy.Kits.Commands.CreateKitCommand/createkit)
[4/6/2026 7:49:53 PM] [Info] [registered] /ckit (RestoreMonarchy.Kits.Commands.CreateKitCommand/ckit)
[4/6/2026 7:49:53 PM] [Info] [registered] /deletekit (RestoreMonarchy.Kits.Commands.DeleteKitCommand/deletekit)
[4/6/2026 7:49:53 PM] [Info] [registered] /dkit (RestoreMonarchy.Kits.Commands.DeleteKitCommand/dkit)
[4/6/2026 7:49:53 PM] [Info] [registered] /kit (RestoreMonarchy.Kits.Commands.KitCommand/kit)
[4/6/2026 7:49:53 PM] [Info] [registered] /kits (RestoreMonarchy.Kits.Commands.KitsCommand/kits)
[4/6/2026 7:49:53 PM] [Info] Kits >> Kits 1.0.7 has been loaded!
[4/6/2026 7:49:53 PM] [Info] This server will automatically save every 1800 seconds
[4/6/2026 7:49:53 PM] [Info] Steam servers ready!
[4/6/2026 7:49:54 PM] [Info] Workshop install folder: C:\Program Files (x86)\Steam\steamapps\common\U3DS/Servers/Server/Workshop/Steam
[4/6/2026 7:49:54 PM] [Info] 0 workshop item(s) requested
[4/6/2026 7:49:54 PM] [Info] Loading level: 5%
[4/6/2026 7:49:54 PM] [Info] Loading level: 10%
[4/6/2026 7:49:55 PM] [Info] Loading level: 15%
[4/6/2026 7:49:55 PM] [Info] Loading level: 21%
[4/6/2026 7:49:55 PM] [Info] Loading level: 26%
[4/6/2026 7:49:55 PM] [Info] Loading level: 31%
[4/6/2026 7:49:55 PM] [Info] Loading level: 36%
[4/6/2026 7:49:55 PM] [Info] Loading level: 42%
[4/6/2026 7:49:55 PM] [Info] Loading level: 47%
[4/6/2026 7:49:55 PM] [Info] Loading level: 52%
[4/6/2026 7:49:55 PM] [Info] Loading level: 57%
[4/6/2026 7:49:55 PM] [Info] Loading level: 63%
[4/6/2026 7:49:56 PM] [Info] Loading level: 68%
[4/6/2026 7:49:56 PM] [Info] Loading level: 73%
[4/6/2026 7:49:56 PM] [Info] Loading level: 89%
[4/6/2026 7:49:56 PM] [Info] Loading level: 94%
[4/6/2026 7:49:56 PM] [Info] //////////////////////////////////////////////////////
[4/6/2026 7:49:56 PM] [Info] Server Code: 90284013916025877
[4/6/2026 7:49:56 PM] [Info] Your friends can enter this code in the Connect Directly menu to join without port forwarding.
[4/6/2026 7:49:56 PM] [Info] Tip: Use the "CopyServerCode" command to copy the code to your clipboard. Alternatively, in most terminals you can highlight it and press Ctrl+Insert to copy.
[4/6/2026 7:49:56 PM] [Info] //////////////////////////////////////////////////////
[4/6/2026 7:49:56 PM] [Info] Loading level: 100%
[4/6/2026 7:50:11 PM] [Info] Connecting: PlayerID: 76561199466256724 Name: Abibabi Character: Ababe
[4/6/2026 7:50:13 PM] [Info] [World] Ababe [Abibabi]: "/kits"
[4/6/2026 7:50:16 PM] [Info] [World] Ababe [Abibabi]: "/tpa"
[4/6/2026 7:50:18 PM] [Info] [World] Ababe [Abibabi]: "/kit"
[4/6/2026 7:53:16 PM] [Info] Disconnecting: PlayerID: 76561199466256724 Name: Abibabi Character: Ababe
[4/6/2026 7:53:17 PM] [Info] 
[unloading] Kits
