[4/6/2026 10:01:33 PM] [Info] [registered] /admin (Rocket.Unturned.Commands.CommandAdmin/admin)
[4/6/2026 10:01:33 PM] [Info] [registered] /broadcast (Rocket.Unturned.Commands.CommandBroadcast/broadcast)
[4/6/2026 10:01:33 PM] [Info] [registered] /effect (Rocket.Unturned.Commands.CommandEffect/effect)
[4/6/2026 10:01:33 PM] [Info] [registered] /exit (Rocket.Unturned.Commands.CommandExit/exit)
[4/6/2026 10:01:33 PM] [Info] [registered] /god (Rocket.Unturned.Commands.CommandGod/god)
[4/6/2026 10:01:33 PM] [Info] [registered] /heal (Rocket.Unturned.Commands.CommandHeal/heal)
[4/6/2026 10:01:33 PM] [Info] [registered] /help (Rocket.Unturned.Commands.CommandHelp/help)
[4/6/2026 10:01:33 PM] [Info] [registered] /home (Rocket.Unturned.Commands.CommandHome/home)
[4/6/2026 10:01:33 PM] [Info] [registered] /i (Rocket.Unturned.Commands.CommandI/i)
[4/6/2026 10:01:33 PM] [Info] [registered] /item (Rocket.Unturned.Commands.CommandI/item)
[4/6/2026 10:01:33 PM] [Info] [registered] /investigate (Rocket.Unturned.Commands.CommandInvestigate/investigate)
[4/6/2026 10:01:33 PM] [Info] [registered] /more (Rocket.Unturned.Commands.CommandMore/more)
[4/6/2026 10:01:33 PM] [Info] [registered] /p (Rocket.Unturned.Commands.CommandP/p)
[4/6/2026 10:01:33 PM] [Info] [registered] /permissions (Rocket.Unturned.Commands.CommandP/permissions)
[4/6/2026 10:01:33 PM] [Info] [registered] /position (Rocket.Unturned.Commands.CommandPosition/position)
[4/6/2026 10:01:33 PM] [Info] [registered] /pos (Rocket.Unturned.Commands.CommandPosition/pos)
[4/6/2026 10:01:33 PM] [Info] [registered] /rocket (Rocket.Unturned.Commands.CommandRocket/rocket)
[4/6/2026 10:01:33 PM] [Info] [registered] /savelogs (Rocket.Unturned.Commands.CommandSaveLogs/savelogs)
[4/6/2026 10:01:33 PM] [Info] [registered] /tp (Rocket.Unturned.Commands.CommandTp/tp)
[4/6/2026 10:01:33 PM] [Info] [registered] /tphere (Rocket.Unturned.Commands.CommandTphere/tphere)
[4/6/2026 10:01:33 PM] [Info] [registered] /tpwp (Rocket.Unturned.Commands.CommandTpwp/tpwp)
[4/6/2026 10:01:33 PM] [Info] [registered] /unadmin (Rocket.Unturned.Commands.CommandUnadmin/unadmin)
[4/6/2026 10:01:33 PM] [Info] [registered] /v (Rocket.Unturned.Commands.CommandV/v)
[4/6/2026 10:01:33 PM] [Info] [registered] /vanish (Rocket.Unturned.Commands.CommandVanish/vanish)
[4/6/2026 10:01:33 PM] [Error] Caught exception while logging an exception! Ouch...
[4/6/2026 10:01:33 PM] [Error] Rocket.CoreException in Rocket.Core: System.Exception: Failed to deserialize XMLFileAsset: Permissions.config.xml ---> System.InvalidOperationException: There is an error in XML document (42, 7). ---> System.Xml.XmlException: The 'Permissions' start tag on line 32 position 8 does not match the end tag of 'Group'. Line 42, position 7.
  at System.Xml.XmlTextReaderImpl.Throw (System.Exception e) [0x00027] in <cc6807978d504e8ea81a34b1b2ec871c>:0 
  at System.Xml.XmlTextReaderImpl.Throw (System.String res, System.String[] args) [0x00029] in <cc6807978d504e8ea81a34b1b2ec871c>:0 
  at System.Xml.XmlTextReaderImpl.ThrowTagMismatch (System.Xml.XmlTextReaderImpl+NodeData startTag) [0x00086] in <cc6807978d504e8ea81a34b1b2ec871c>:0 
  at System.Xml.XmlTextReaderImpl.ParseEndElement () [0x00085] in <cc6807978d504e8ea81a34b1b2ec871c>:0 
  at System.Xml.XmlTextReaderImpl.ParseElementContent () [0x00149] in <cc6807978d504e8ea81a34b1b2ec871c>:0 
  at System.Xml.XmlTextReaderImpl.Read () [0x00085] in <cc6807978d504e8ea81a34b1b2ec871c>:0 
  at System.Xml.XmlTextReader.Read () [0x00000] in <cc6807978d504e8ea81a34b1b2ec871c>:0 
  at System.Xml.XmlTextReaderImpl.Skip () [0x000dc] in <cc6807978d504e8ea81a34b1b2ec871c>:0 
  at System.Xml.XmlTextReader.Skip () [0x00000] in <cc6807978d504e8ea81a34b1b2ec871c>:0 
  at System.Xml.Serialization.XmlSerializationReader.UnknownNode (System.Object o, System.String qnames) [0x00097] in <cc6807978d504e8ea81a34b1b2ec871c>:0 
  at Microsoft.Xml.Serialization.GeneratedAssembly.XmlSerializationReaderRocketPermissions.Read3_RocketPermissionsGroup (System.Boolean isNullable, System.Boolean checkType) [0x007e7] in <a2bb7eaf85b44bad8f65a69e29543f2d>:0 
  at Microsoft.Xml.Serialization.GeneratedAssembly.XmlSerializationReaderRocketPermissions.Read4_RocketPermissions (System.Boolean isNullable, System.Boolean checkType) [0x0028b] in <a2bb7eaf85b44bad8f65a69e29543f2d>:0 
  at Microsoft.Xml.Serialization.GeneratedAssembly.XmlSerializationReaderRocketPermissions.Read5_RocketPermissions () [0x00050] in <a2bb7eaf85b44bad8f65a69e29543f2d>:0 
  at (wrapper managed-to-native) System.Reflection.RuntimeMethodInfo.InternalInvoke(System.Reflection.RuntimeMethodInfo,object,object[],System.Exception&)
  at System.Reflection.RuntimeMethodInfo.Invoke (System.Object obj, System.Reflection.BindingFlags invokeAttr, System.Reflection.Binder binder, System.Object[] parameters, System.Globalization.CultureInfo culture) [0x0006a] in <1071a2cb0cb3433aae80a793c277a048>:0 
   --- End of inner exception stack trace ---
  at System.Xml.Serialization.XmlSerializer.Deserialize (System.Xml.XmlReader xmlReader, System.String encodingStyle, System.Xml.Serialization.XmlDeserializationEvents events) [0x0011b] in <cc6807978d504e8ea81a34b1b2ec871c>:0 
  at System.Xml.Serialization.XmlSerializer.Deserialize (System.Xml.XmlReader xmlReader, System.String encodingStyle) [0x00000] in <cc6807978d504e8ea81a34b1b2ec871c>:0 
  at System.Xml.Serialization.XmlSerializer.Deserialize (System.IO.TextReader textReader) [0x0001c] in <cc6807978d504e8ea81a34b1b2ec871c>:0 
  at Rocket.Core.Assets.XMLFileAsset`1[T].Load (Rocket.API.AssetLoaded`1[T] callback) [0x00026] in <6f83a2704e534a88a3e7b6bf0d77e94c>:0 
   --- End of inner exception stack trace ---
  at Rocket.Core.Assets.XMLFileAsset`1[T].Load (Rocket.API.AssetLoaded`1[T] callback) [0x00073] in <6f83a2704e534a88a3e7b6bf0d77e94c>:0 
  at Rocket.Core.Assets.XMLFileAsset`1[T]..ctor (System.String file, System.Type[] extraTypes, Rocket.API.Serialisation.RocketPermissions defaultInstance) [0x0002a] in <6f83a2704e534a88a3e7b6bf0d77e94c>:0 
  at Rocket.Core.Permissions.RocketPermissionsManager.Start () [0x00069] in <6f83a2704e534a88a3e7b6bf0d77e94c>:0 
[4/6/2026 10:01:34 PM] [Info] Rocket dependency registered: BouncyCastle.Crypto, Version=1.8.5.0, Culture=neutral, PublicKeyToken=0e99375e54769942 at C:\Program Files (x86)\Steam\steamapps\common\U3DS\Servers\Server\Rocket\Libraries\BouncyCastle.Crypto.dll
[4/6/2026 10:01:34 PM] [Info] Rocket dependency registered: Google.Protobuf, Version=3.19.4.0, Culture=neutral, PublicKeyToken=a7d26565bac4d604 at C:\Program Files (x86)\Steam\steamapps\common\U3DS\Servers\Server\Rocket\Libraries\Google.Protobuf.dll
[4/6/2026 10:01:34 PM] [Info] Rocket dependency registered: K4os.Compression.LZ4, Version=1.2.6.0, Culture=neutral, PublicKeyToken=2186fa9121ef231d at C:\Program Files (x86)\Steam\steamapps\common\U3DS\Servers\Server\Rocket\Libraries\K4os.Compression.LZ4.dll
[4/6/2026 10:01:34 PM] [Info] Rocket dependency registered: K4os.Compression.LZ4.Streams, Version=1.2.6.0, Culture=neutral, PublicKeyToken=2186fa9121ef231d at C:\Program Files (x86)\Steam\steamapps\common\U3DS\Servers\Server\Rocket\Libraries\K4os.Compression.LZ4.Streams.dll
[4/6/2026 10:01:34 PM] [Info] Rocket dependency registered: K4os.Hash.xxHash, Version=1.0.6.0, Culture=neutral, PublicKeyToken=32cd54395057cec3 at C:\Program Files (x86)\Steam\steamapps\common\U3DS\Servers\Server\Rocket\Libraries\K4os.Hash.xxHash.dll
[4/6/2026 10:01:34 PM] [Info] Rocket dependency registered: MySql.Data, Version=8.0.29.0, Culture=neutral, PublicKeyToken=c5687fc88969c44d at C:\Program Files (x86)\Steam\steamapps\common\U3DS\Servers\Server\Rocket\Libraries\MySql.Data.dll
[4/6/2026 10:01:34 PM] [Info] Rocket dependency registered: RocketExtensions, Version=2.1.2.0, Culture=neutral, PublicKeyToken=null at C:\Program Files (x86)\Steam\steamapps\common\U3DS\Servers\Server\Rocket\Libraries\RocketExtensions.dll
[4/6/2026 10:01:34 PM] [Info] Rocket dependency registered: ShimmyMySherbet.MySQL.EF, Version=1.8.8.0, Culture=neutral, PublicKeyToken=null at C:\Program Files (x86)\Steam\steamapps\common\U3DS\Servers\Server\Rocket\Libraries\ShimmyMySherbet.MySQL.EF.dll
[4/6/2026 10:01:34 PM] [Info] Rocket dependency registered: Ubiety.Dns.Core, Version=2.2.1.0, Culture=neutral, PublicKeyToken=c5687fc88969c44d at C:\Program Files (x86)\Steam\steamapps\common\U3DS\Servers\Server\Rocket\Libraries\Ubiety.Dns.Core.dll
[4/6/2026 10:01:34 PM] [Info] Rocket dependency registered: UniTask, Version=0.0.0.0, Culture=neutral, PublicKeyToken=null at C:\Program Files (x86)\Steam\steamapps\common\U3DS\Servers\Server\Rocket\Libraries\UniTask.dll
[4/6/2026 10:01:34 PM] [Info] Rocket dependency registered: UniTask.Linq, Version=0.0.0.0, Culture=neutral, PublicKeyToken=null at C:\Program Files (x86)\Steam\steamapps\common\U3DS\Servers\Server\Rocket\Libraries\UniTask.Linq.dll
[4/6/2026 10:01:34 PM] [Info] Rocket dependency registered: ZstdNet, Version=1.4.5.0, Culture=neutral, PublicKeyToken=c5687fc88969c44d at C:\Program Files (x86)\Steam\steamapps\common\U3DS\Servers\Server\Rocket\Libraries\ZstdNet.dll
[4/6/2026 10:01:34 PM] [Info] Rocket dependency registered: JoinLeaveMessages, Version=1.3.1.2, Culture=neutral, PublicKeyToken=null at C:\Program Files (x86)\Steam\steamapps\common\U3DS\Servers\Server\Rocket\Plugins\JoinLeaveMessages.dll
[4/6/2026 10:01:34 PM] [Info] Rocket dependency registered: Kits, Version=1.0.7.0, Culture=neutral, PublicKeyToken=null at C:\Program Files (x86)\Steam\steamapps\common\U3DS\Servers\Server\Rocket\Plugins\Kits.dll
[4/6/2026 10:01:34 PM] [Info] Rocket dependency registered: PlayerLogger, Version=1.0.0.0, Culture=neutral, PublicKeyToken=null at C:\Program Files (x86)\Steam\steamapps\common\U3DS\Servers\Server\Rocket\Plugins\PlayerLogger.dll
[4/6/2026 10:01:34 PM] [Info] Rocket dependency registered: SherbetVaults, Version=1.2.0.0, Culture=neutral, PublicKeyToken=null at C:\Program Files (x86)\Steam\steamapps\common\U3DS\Servers\Server\Rocket\Plugins\SherbetVaults.dll
[4/6/2026 10:01:34 PM] [Info] Rocket dependency registered: Teleportation, Version=1.8.3.0, Culture=neutral, PublicKeyToken=null at C:\Program Files (x86)\Steam\steamapps\common\U3DS\Servers\Server\Rocket\Plugins\Teleportation.dll
[4/6/2026 10:01:34 PM] [Info] Loading JoinLeaveMessages from C:\Program Files (x86)\Steam\steamapps\common\U3DS\Servers\Server\Rocket\Plugins\JoinLeaveMessages.dll
[4/6/2026 10:01:34 PM] [Info] Loading Kits from C:\Program Files (x86)\Steam\steamapps\common\U3DS\Servers\Server\Rocket\Plugins\Kits.dll
[4/6/2026 10:01:34 PM] [Info] Loading PlayerLogger from C:\Program Files (x86)\Steam\steamapps\common\U3DS\Servers\Server\Rocket\Plugins\PlayerLogger.dll
[4/6/2026 10:01:34 PM] [Info] Loading SherbetVaults from C:\Program Files (x86)\Steam\steamapps\common\U3DS\Servers\Server\Rocket\Plugins\SherbetVaults.dll
[4/6/2026 10:01:34 PM] [Info] Loading Teleportation from C:\Program Files (x86)\Steam\steamapps\common\U3DS\Servers\Server\Rocket\Plugins\Teleportation.dll
[4/6/2026 10:01:34 PM] [Info] 
[loading] JoinLeaveMessages
[4/6/2026 10:01:34 PM] [Info] 
[loading] Kits
[4/6/2026 10:01:34 PM] [Info] [registered] /createkit (RestoreMonarchy.Kits.Commands.CreateKitCommand/createkit)
[4/6/2026 10:01:34 PM] [Info] [registered] /ckit (RestoreMonarchy.Kits.Commands.CreateKitCommand/ckit)
[4/6/2026 10:01:34 PM] [Info] [registered] /deletekit (RestoreMonarchy.Kits.Commands.DeleteKitCommand/deletekit)
[4/6/2026 10:01:34 PM] [Info] [registered] /dkit (RestoreMonarchy.Kits.Commands.DeleteKitCommand/dkit)
[4/6/2026 10:01:34 PM] [Info] [registered] /kit (RestoreMonarchy.Kits.Commands.KitCommand/kit)
[4/6/2026 10:01:34 PM] [Info] [registered] /kits (RestoreMonarchy.Kits.Commands.KitsCommand/kits)
[4/6/2026 10:01:34 PM] [Info] Kits >> Kits 1.0.7 has been loaded!
[4/6/2026 10:01:34 PM] [Info] 
[loading] PlayerLogger
[4/6/2026 10:01:34 PM] [Info] PlayerLogger >> Pluginul PlayerLogger a fost incarcat!
[4/6/2026 10:01:34 PM] [Info] SherbetVaults >> Loading Sherbet Vaults v1.2.0.0...
[4/6/2026 10:01:34 PM] [Info] SherbetVaults >> Loading restriction settings...
[4/6/2026 10:01:34 PM] [Info] SherbetVaults >> Loaded 1 Restriction Groups with no errors.
[4/6/2026 10:01:34 PM] [Info] 
[loading] SherbetVaults
[4/6/2026 10:01:34 PM] [Info] [registered] /trash (SherbetVaults.Commands.TrashCommand/Trash)
[4/6/2026 10:01:34 PM] [Info] [registered] /vaultalias (SherbetVaults.Commands.VaultAliasCommand/VaultAlias)
[4/6/2026 10:01:34 PM] [Info] [registered] /vault (SherbetVaults.Commands.VaultCommand/Vault)
[4/6/2026 10:01:34 PM] [Info] [registered] /vaults (SherbetVaults.Commands.VaultsCommand/Vaults)
[4/6/2026 10:01:34 PM] [Info] [registered] /spyvault (SherbetVaults.Commands.SpyVaultCommand/SpyVault)
[4/6/2026 10:01:34 PM] [Info] [registered] /wipevault (SherbetVaults.Commands.WipeVaultCommand/WipeVault)
[4/6/2026 10:01:34 PM] [Info] SherbetVaults >> Sherbet Vaults v1.2.0.0 by ShimmyMySherbet#5694 Loaded!
[4/6/2026 10:01:34 PM] [Info] 
[loading] Teleportation
[4/6/2026 10:01:34 PM] [Info] [registered] /tpa (RestoreMonarchy.Teleportation.Commands.TPACommand/tpa)
[4/6/2026 10:01:34 PM] [Info] Teleportation >> Teleportation 1.8.3.0 has been loaded!
[4/6/2026 10:01:34 PM] [Info] Teleportation >> Check out more Unturned plugins at restoremonarchy.com
[4/6/2026 10:01:34 PM] [Info] This server will automatically save every 1800 seconds
[4/6/2026 10:01:34 PM] [Info] Steam servers ready!
[4/6/2026 10:01:34 PM] [Info] Workshop install folder: C:\Program Files (x86)\Steam\steamapps\common\U3DS/Servers/Server/Workshop/Steam
[4/6/2026 10:01:34 PM] [Info] 0 workshop item(s) requested
[4/6/2026 10:01:34 PM] [Error] Rocket could not find dependency: System.Configuration.Install
[4/6/2026 10:01:34 PM] [Error] Rocket could not find dependency: System.Configuration.Install
[4/6/2026 10:01:34 PM] [Error] Rocket could not find dependency: System.Configuration.Install, Version=4.0.0.0, Culture=neutral, PublicKeyToken=b03f5f7f11d50a3a
[4/6/2026 10:01:34 PM] [Error] Rocket could not find dependency: System.Configuration.Install, Version=4.0.0.0, Culture=neutral, PublicKeyToken=b03f5f7f11d50a3a
[4/6/2026 10:01:35 PM] [Info] Loading level: 5%
[4/6/2026 10:01:35 PM] [Info] Loading level: 10%
[4/6/2026 10:01:35 PM] [Info] Loading level: 15%
[4/6/2026 10:01:35 PM] [Info] Loading level: 21%
[4/6/2026 10:01:35 PM] [Info] Loading level: 26%
[4/6/2026 10:01:35 PM] [Info] Loading level: 31%
[4/6/2026 10:01:35 PM] [Info] Loading level: 36%
[4/6/2026 10:01:35 PM] [Info] Loading level: 42%
[4/6/2026 10:01:35 PM] [Info] Loading level: 47%
[4/6/2026 10:01:35 PM] [Info] Loading level: 52%
[4/6/2026 10:01:35 PM] [Info] Loading level: 57%
[4/6/2026 10:01:35 PM] [Info] Loading level: 63%
[4/6/2026 10:01:36 PM] [Info] Loading level: 68%
[4/6/2026 10:01:36 PM] [Info] Loading level: 73%
[4/6/2026 10:01:37 PM] [Info] Loading level: 89%
[4/6/2026 10:01:37 PM] [Info] Loading level: 94%
[4/6/2026 10:01:37 PM] [Info] //////////////////////////////////////////////////////
[4/6/2026 10:01:37 PM] [Info] Server Code: 85568392936169965
[4/6/2026 10:01:37 PM] [Info] Your friends can enter this code in the Connect Directly menu to join without port forwarding.
[4/6/2026 10:01:37 PM] [Info] Tip: Use the "CopyServerCode" command to copy the code to your clipboard. Alternatively, in most terminals you can highlight it and press Ctrl+Insert to copy.
[4/6/2026 10:01:37 PM] [Info] //////////////////////////////////////////////////////
[4/6/2026 10:01:37 PM] [Info] Loading level: 100%
[4/6/2026 10:01:44 PM] [Info] Failed adding prefix/suffix to player 76561198013601259: System.NullReferenceException: Object reference not set to an instance of an object
  at Rocket.Core.Permissions.RocketPermissionsManager.GetGroups (Rocket.API.IRocketPlayer player, System.Boolean includeParentGroups) [0x00000] in <6f83a2704e534a88a3e7b6bf0d77e94c>:0 
  at Rocket.Unturned.Permissions.UnturnedPermissions.CheckValid (Steamworks.ValidateAuthTicketResponse_t r) [0x00037] in <89eae61d34344ab1af008bb00f8d360c>:0 
[4/6/2026 10:01:46 PM] [Info] Connecting: PlayerID: 76561198013601259 Name: Ignat Character: Alexutzu
[4/6/2026 10:01:46 PM] [Error] Rocket could not find dependency: Assembly-CSharp-firstpass
[4/6/2026 10:01:46 PM] [Error] Rocket could not find dependency: Assembly-CSharp-firstpass
[4/6/2026 10:01:46 PM] [Info] Broadcast: Alexutzu connected to the server.
[4/6/2026 10:01:46 PM] [Info] Broadcast: Alexutzu a intrat pe server! Jucatori activi: 1
[4/6/2026 10:01:46 PM] [Info] Failed adding prefix/suffix to player 76561199466256724: System.NullReferenceException: Object reference not set to an instance of an object
  at Rocket.Core.Permissions.RocketPermissionsManager.GetGroups (Rocket.API.IRocketPlayer player, System.Boolean includeParentGroups) [0x00000] in <6f83a2704e534a88a3e7b6bf0d77e94c>:0 
  at Rocket.Unturned.Permissions.UnturnedPermissions.CheckValid (Steamworks.ValidateAuthTicketResponse_t r) [0x00037] in <89eae61d34344ab1af008bb00f8d360c>:0 
[4/6/2026 10:01:51 PM] [Info] Connecting: PlayerID: 76561199466256724 Name: Abibabi Character: Ababe
[4/6/2026 10:01:51 PM] [Info] Broadcast: Ababe connected to the server.
[4/6/2026 10:01:51 PM] [Info] Broadcast: Ababe a intrat pe server! Jucatori activi: 2
[4/6/2026 10:01:51 PM] [Info] [World] Ababe [Abibabi]: "/kits"
[4/6/2026 10:01:52 PM] [Error] Exception invoking SDG.Unturned.ChatManager.ReceiveChatRequest from client steamid:76561199466256724:
[4/6/2026 10:01:52 PM] [Error] Object reference not set to an instance of an object
[4/6/2026 10:01:52 PM] [Error]   at Rocket.Core.Permissions.RocketPermissionsManager.HasPermission (Rocket.API.IRocketPlayer player, System.Collections.Generic.List`1[T] permissions) [0x00000] in <6f83a2704e534a88a3e7b6bf0d77e94c>:0 
  at Rocket.API.IRocketPermissionsProviderExtensions.HasPermission (Rocket.API.IRocketPermissionsProvider rocketPermissionProvider, Rocket.API.IRocketPlayer player, Rocket.API.IRocketCommand command) [0x0004a] in <66abe6d054974e01a510bbf93021ef73>:0 
  at Rocket.Unturned.Permissions.UnturnedPermissions.CheckPermissions (SDG.Unturned.SteamPlayer caller, System.String permission) [0x00053] in <89eae61d34344ab1af008bb00f8d360c>:0 
  at Rocket.Unturned.U+<>c.<bindDelegates>b__16_2 (SDG.Unturned.SteamPlayer player, System.String text, System.Boolean& shouldExecuteCommand, System.Boolean& shouldList) [0x00022] in <89eae61d34344ab1af008bb00f8d360c>:0 
  at SDG.Unturned.ChatManager.process (SDG.Unturned.SteamPlayer player, System.String cmd, System.Boolean fromUnityEvent) [0x00054] in <7038037bcef24e11a6e87ccfba4332da>:0 
  at SDG.Unturned.ChatManager.ReceiveChatRequest (SDG.Unturned.ServerInvocationContext& context, System.Byte flags, System.String text) [0x001c4] in <7038037bcef24e11a6e87ccfba4332da>:0 
  at SDG.Unturned.ChatManager_NetMethods.ReceiveChatRequest_Read (SDG.Unturned.ServerInvocationContext& context) [0x00019] in <7038037bcef24e11a6e87ccfba4332da>:0 
  at SDG.Unturned.ServerMessageHandler_InvokeMethod.ReadMessage (SDG.NetTransport.ITransportConnection transportConnection, SDG.NetPak.NetPakReader reader) [0x00138] in <7038037bcef24e11a6e87ccfba4332da>:0 
[4/6/2026 10:01:52 PM] [Info] [World] Alexutzu [Ignat]: "/kits"
[4/6/2026 10:01:52 PM] [Error] Assembly-CSharp >> Exception in ReceiveChatRequest: System.NullReferenceException: Object reference not set to an instance of an object
  at Rocket.Core.Permissions.RocketPermissionsManager.GetGroups (Rocket.API.IRocketPlayer player, System.Boolean includeParentGroups) [0x00000] in <6f83a2704e534a88a3e7b6bf0d77e94c>:0 
  at Rocket.Unturned.Player.UnturnedPlayer.get_Color () [0x0003e] in <89eae61d34344ab1af008bb00f8d360c>:0 
  at Rocket.Unturned.Chat.UnturnedChat.handleChat (SDG.Unturned.SteamPlayer steamPlayer, SDG.Unturned.EChatMode chatMode, UnityEngine.Color& incomingColor, System.Boolean& rich, System.String message, System.Boolean& isVisible) [0x00015] in <89eae61d34344ab1af008bb00f8d360c>:0 
[4/6/2026 10:01:52 PM] [Error] Exception invoking SDG.Unturned.ChatManager.ReceiveChatRequest from client steamid:76561198013601259:
[4/6/2026 10:01:52 PM] [Error] Object reference not set to an instance of an object
[4/6/2026 10:01:52 PM] [Error]   at Rocket.Core.Permissions.RocketPermissionsManager.HasPermission (Rocket.API.IRocketPlayer player, System.Collections.Generic.List`1[T] permissions) [0x00000] in <6f83a2704e534a88a3e7b6bf0d77e94c>:0 
  at Rocket.API.IRocketPermissionsProviderExtensions.HasPermission (Rocket.API.IRocketPermissionsProvider rocketPermissionProvider, Rocket.API.IRocketPlayer player, Rocket.API.IRocketCommand command) [0x0004a] in <66abe6d054974e01a510bbf93021ef73>:0 
  at Rocket.Unturned.Permissions.UnturnedPermissions.CheckPermissions (SDG.Unturned.SteamPlayer caller, System.String permission) [0x00053] in <89eae61d34344ab1af008bb00f8d360c>:0 
  at Rocket.Unturned.U+<>c.<bindDelegates>b__16_2 (SDG.Unturned.SteamPlayer player, System.String text, System.Boolean& shouldExecuteCommand, System.Boolean& shouldList) [0x00022] in <89eae61d34344ab1af008bb00f8d360c>:0 
  at SDG.Unturned.ChatManager.process (SDG.Unturned.SteamPlayer player, System.String cmd, System.Boolean fromUnityEvent) [0x00054] in <7038037bcef24e11a6e87ccfba4332da>:0 
  at SDG.Unturned.ChatManager.ReceiveChatRequest (SDG.Unturned.ServerInvocationContext& context, System.Byte flags, System.String text) [0x001c4] in <7038037bcef24e11a6e87ccfba4332da>:0 
  at SDG.Unturned.ChatManager_NetMethods.ReceiveChatRequest_Read (SDG.Unturned.ServerInvocationContext& context) [0x00019] in <7038037bcef24e11a6e87ccfba4332da>:0 
  at SDG.Unturned.ServerMessageHandler_InvokeMethod.ReadMessage (SDG.NetTransport.ITransportConnection transportConnection, SDG.NetPak.NetPakReader reader) [0x00138] in <7038037bcef24e11a6e87ccfba4332da>:0 
[4/6/2026 10:01:55 PM] [Info] [World] Ababe [Abibabi]: "/kits"
[4/6/2026 10:01:55 PM] [Error] Exception invoking SDG.Unturned.ChatManager.ReceiveChatRequest from client steamid:76561199466256724:
[4/6/2026 10:01:55 PM] [Error] Object reference not set to an instance of an object
[4/6/2026 10:01:55 PM] [Error]   at Rocket.Core.Permissions.RocketPermissionsManager.HasPermission (Rocket.API.IRocketPlayer player, System.Collections.Generic.List`1[T] permissions) [0x00000] in <6f83a2704e534a88a3e7b6bf0d77e94c>:0 
  at Rocket.API.IRocketPermissionsProviderExtensions.HasPermission (Rocket.API.IRocketPermissionsProvider rocketPermissionProvider, Rocket.API.IRocketPlayer player, Rocket.API.IRocketCommand command) [0x0004a] in <66abe6d054974e01a510bbf93021ef73>:0 
  at Rocket.Unturned.Permissions.UnturnedPermissions.CheckPermissions (SDG.Unturned.SteamPlayer caller, System.String permission) [0x00053] in <89eae61d34344ab1af008bb00f8d360c>:0 
  at Rocket.Unturned.U+<>c.<bindDelegates>b__16_2 (SDG.Unturned.SteamPlayer player, System.String text, System.Boolean& shouldExecuteCommand, System.Boolean& shouldList) [0x00022] in <89eae61d34344ab1af008bb00f8d360c>:0 
  at SDG.Unturned.ChatManager.process (SDG.Unturned.SteamPlayer player, System.String cmd, System.Boolean fromUnityEvent) [0x00054] in <7038037bcef24e11a6e87ccfba4332da>:0 
  at SDG.Unturned.ChatManager.ReceiveChatRequest (SDG.Unturned.ServerInvocationContext& context, System.Byte flags, System.String text) [0x001c4] in <7038037bcef24e11a6e87ccfba4332da>:0 
  at SDG.Unturned.ChatManager_NetMethods.ReceiveChatRequest_Read (SDG.Unturned.ServerInvocationContext& context) [0x00019] in <7038037bcef24e11a6e87ccfba4332da>:0 
  at SDG.Unturned.ServerMessageHandler_InvokeMethod.ReadMessage (SDG.NetTransport.ITransportConnection transportConnection, SDG.NetPak.NetPakReader reader) [0x00138] in <7038037bcef24e11a6e87ccfba4332da>:0 
[4/6/2026 10:01:56 PM] [Info] [World] Alexutzu [Ignat]: "/kits"
[4/6/2026 10:01:56 PM] [Error] Assembly-CSharp >> Exception in ReceiveChatRequest: System.NullReferenceException: Object reference not set to an instance of an object
  at Rocket.Core.Permissions.RocketPermissionsManager.GetGroups (Rocket.API.IRocketPlayer player, System.Boolean includeParentGroups) [0x00000] in <6f83a2704e534a88a3e7b6bf0d77e94c>:0 
  at Rocket.Unturned.Player.UnturnedPlayer.get_Color () [0x0003e] in <89eae61d34344ab1af008bb00f8d360c>:0 
  at Rocket.Unturned.Chat.UnturnedChat.handleChat (SDG.Unturned.SteamPlayer steamPlayer, SDG.Unturned.EChatMode chatMode, UnityEngine.Color& incomingColor, System.Boolean& rich, System.String message, System.Boolean& isVisible) [0x00015] in <89eae61d34344ab1af008bb00f8d360c>:0 
[4/6/2026 10:01:56 PM] [Error] Exception invoking SDG.Unturned.ChatManager.ReceiveChatRequest from client steamid:76561198013601259:
[4/6/2026 10:01:56 PM] [Error] Object reference not set to an instance of an object
[4/6/2026 10:01:56 PM] [Error]   at Rocket.Core.Permissions.RocketPermissionsManager.HasPermission (Rocket.API.IRocketPlayer player, System.Collections.Generic.List`1[T] permissions) [0x00000] in <6f83a2704e534a88a3e7b6bf0d77e94c>:0 
  at Rocket.API.IRocketPermissionsProviderExtensions.HasPermission (Rocket.API.IRocketPermissionsProvider rocketPermissionProvider, Rocket.API.IRocketPlayer player, Rocket.API.IRocketCommand command) [0x0004a] in <66abe6d054974e01a510bbf93021ef73>:0 
  at Rocket.Unturned.Permissions.UnturnedPermissions.CheckPermissions (SDG.Unturned.SteamPlayer caller, System.String permission) [0x00053] in <89eae61d34344ab1af008bb00f8d360c>:0 
  at Rocket.Unturned.U+<>c.<bindDelegates>b__16_2 (SDG.Unturned.SteamPlayer player, System.String text, System.Boolean& shouldExecuteCommand, System.Boolean& shouldList) [0x00022] in <89eae61d34344ab1af008bb00f8d360c>:0 
  at SDG.Unturned.ChatManager.process (SDG.Unturned.SteamPlayer player, System.String cmd, System.Boolean fromUnityEvent) [0x00054] in <7038037bcef24e11a6e87ccfba4332da>:0 
  at SDG.Unturned.ChatManager.ReceiveChatRequest (SDG.Unturned.ServerInvocationContext& context, System.Byte flags, System.String text) [0x001c4] in <7038037bcef24e11a6e87ccfba4332da>:0 
  at SDG.Unturned.ChatManager_NetMethods.ReceiveChatRequest_Read (SDG.Unturned.ServerInvocationContext& context) [0x00019] in <7038037bcef24e11a6e87ccfba4332da>:0 
  at SDG.Unturned.ServerMessageHandler_InvokeMethod.ReadMessage (SDG.NetTransport.ITransportConnection transportConnection, SDG.NetPak.NetPakReader reader) [0x00138] in <7038037bcef24e11a6e87ccfba4332da>:0 
[4/6/2026 10:02:04 PM] [Info] [World] Alexutzu [Ignat]: "/tpa ababe"
[4/6/2026 10:02:04 PM] [Error] Assembly-CSharp >> Exception in ReceiveChatRequest: System.NullReferenceException: Object reference not set to an instance of an object
  at Rocket.Core.Permissions.RocketPermissionsManager.GetGroups (Rocket.API.IRocketPlayer player, System.Boolean includeParentGroups) [0x00000] in <6f83a2704e534a88a3e7b6bf0d77e94c>:0 
  at Rocket.Unturned.Player.UnturnedPlayer.get_Color () [0x0003e] in <89eae61d34344ab1af008bb00f8d360c>:0 
  at Rocket.Unturned.Chat.UnturnedChat.handleChat (SDG.Unturned.SteamPlayer steamPlayer, SDG.Unturned.EChatMode chatMode, UnityEngine.Color& incomingColor, System.Boolean& rich, System.String message, System.Boolean& isVisible) [0x00015] in <89eae61d34344ab1af008bb00f8d360c>:0 
[4/6/2026 10:02:04 PM] [Error] Exception invoking SDG.Unturned.ChatManager.ReceiveChatRequest from client steamid:76561198013601259:
[4/6/2026 10:02:04 PM] [Error] Object reference not set to an instance of an object
[4/6/2026 10:02:04 PM] [Error]   at Rocket.Core.Permissions.RocketPermissionsManager.HasPermission (Rocket.API.IRocketPlayer player, System.Collections.Generic.List`1[T] permissions) [0x00000] in <6f83a2704e534a88a3e7b6bf0d77e94c>:0 
  at Rocket.API.IRocketPermissionsProviderExtensions.HasPermission (Rocket.API.IRocketPermissionsProvider rocketPermissionProvider, Rocket.API.IRocketPlayer player, Rocket.API.IRocketCommand command) [0x0004a] in <66abe6d054974e01a510bbf93021ef73>:0 
  at Rocket.Unturned.Permissions.UnturnedPermissions.CheckPermissions (SDG.Unturned.SteamPlayer caller, System.String permission) [0x00053] in <89eae61d34344ab1af008bb00f8d360c>:0 
  at Rocket.Unturned.U+<>c.<bindDelegates>b__16_2 (SDG.Unturned.SteamPlayer player, System.String text, System.Boolean& shouldExecuteCommand, System.Boolean& shouldList) [0x00022] in <89eae61d34344ab1af008bb00f8d360c>:0 
  at SDG.Unturned.ChatManager.process (SDG.Unturned.SteamPlayer player, System.String cmd, System.Boolean fromUnityEvent) [0x00054] in <7038037bcef24e11a6e87ccfba4332da>:0 
  at SDG.Unturned.ChatManager.ReceiveChatRequest (SDG.Unturned.ServerInvocationContext& context, System.Byte flags, System.String text) [0x001c4] in <7038037bcef24e11a6e87ccfba4332da>:0 
  at SDG.Unturned.ChatManager_NetMethods.ReceiveChatRequest_Read (SDG.Unturned.ServerInvocationContext& context) [0x00019] in <7038037bcef24e11a6e87ccfba4332da>:0 
  at SDG.Unturned.ServerMessageHandler_InvokeMethod.ReadMessage (SDG.NetTransport.ITransportConnection transportConnection, SDG.NetPak.NetPakReader reader) [0x00138] in <7038037bcef24e11a6e87ccfba4332da>:0 
[4/6/2026 10:03:19 PM] [Error] An error occured while executing shutdown []: System.NullReferenceException: Object reference not set to an instance of an object
  at Rocket.Core.Permissions.RocketPermissionsManager.HasPermission (Rocket.API.IRocketPlayer player, System.Collections.Generic.List`1[T] permissions) [0x00000] in <6f83a2704e534a88a3e7b6bf0d77e94c>:0 
  at Rocket.API.IRocketPermissionsProviderExtensions.HasPermission (Rocket.API.IRocketPermissionsProvider rocketPermissionProvider, Rocket.API.IRocketPlayer player, System.String permission) [0x0000e] in <66abe6d054974e01a510bbf93021ef73>:0 
  at Rocket.API.IRocketPlayerExtension.HasPermission (Rocket.API.IRocketPlayer player, System.String permission) [0x00000] in <6f83a2704e534a88a3e7b6bf0d77e94c>:0 
  at Rocket.Core.Commands.RocketCommandManager.Execute (Rocket.API.IRocketPlayer player, System.String command) [0x00176] in <6f83a2704e534a88a3e7b6bf0d77e94c>:0 
[4/6/2026 10:03:19 PM] [Info] Broadcast: Alexutzu disconnected from the server.
[4/6/2026 10:03:21 PM] [Info] Broadcast: Alexutzu a iesit de pe server! Jucatori activi: 1
[4/6/2026 10:03:21 PM] [Info] Disconnecting: PlayerID: 76561198013601259 Name: Ignat Character: Alexutzu
[4/6/2026 10:03:21 PM] [Info] Broadcast: Ababe disconnected from the server.
[4/6/2026 10:03:21 PM] [Info] Broadcast: Ababe a iesit de pe server! Jucatori activi: 0
[4/6/2026 10:03:21 PM] [Info] Disconnecting: PlayerID: 76561199466256724 Name: Abibabi Character: Ababe
[4/6/2026 10:03:21 PM] [Info] 
[unloading] Kits
