[4/6/2026 7:27:07 PM] [Info] Other mapping to: Rocket.Unturned.Commands.UnturnedCommands/admin / Rocket.Unturned.Commands.CommandAdmin/admin
[4/6/2026 7:27:07 PM] [Info] [registered] /admin (Rocket.Unturned.Commands.CommandAdmin/admin)
[4/6/2026 7:27:07 PM] [Info] [registered] /broadcast (Rocket.Unturned.Commands.CommandBroadcast/broadcast)
[4/6/2026 7:27:07 PM] [Info] [registered] /effect (Rocket.Unturned.Commands.CommandEffect/effect)
[4/6/2026 7:27:07 PM] [Info] [registered] /exit (Rocket.Unturned.Commands.CommandExit/exit)
[4/6/2026 7:27:07 PM] [Info] [registered] /god (Rocket.Unturned.Commands.CommandGod/god)
[4/6/2026 7:27:07 PM] [Info] [registered] /heal (Rocket.Unturned.Commands.CommandHeal/heal)
[4/6/2026 7:27:07 PM] [Info] Other mapping to: Rocket.Unturned.Commands.UnturnedCommands/help / Rocket.Unturned.Commands.CommandHelp/help
[4/6/2026 7:27:07 PM] [Info] [registered] /help (Rocket.Unturned.Commands.CommandHelp/help)
[4/6/2026 7:27:07 PM] [Info] [registered] /home (Rocket.Unturned.Commands.CommandHome/home)
[4/6/2026 7:27:07 PM] [Info] [registered] /i (Rocket.Unturned.Commands.CommandI/i)
[4/6/2026 7:27:07 PM] [Info] [registered] /item (Rocket.Unturned.Commands.CommandI/item)
[4/6/2026 7:27:07 PM] [Info] [registered] /investigate (Rocket.Unturned.Commands.CommandInvestigate/investigate)
[4/6/2026 7:27:07 PM] [Info] [registered] /more (Rocket.Unturned.Commands.CommandMore/more)
[4/6/2026 7:27:07 PM] [Info] [registered] /p (Rocket.Unturned.Commands.CommandP/p)
[4/6/2026 7:27:07 PM] [Info] [registered] /permissions (Rocket.Unturned.Commands.CommandP/permissions)
[4/6/2026 7:27:07 PM] [Info] [registered] /position (Rocket.Unturned.Commands.CommandPosition/position)
[4/6/2026 7:27:07 PM] [Info] [registered] /pos (Rocket.Unturned.Commands.CommandPosition/pos)
[4/6/2026 7:27:07 PM] [Info] [registered] /rocket (Rocket.Unturned.Commands.CommandRocket/rocket)
[4/6/2026 7:27:07 PM] [Info] [registered] /savelogs (Rocket.Unturned.Commands.CommandSaveLogs/savelogs)
[4/6/2026 7:27:07 PM] [Info] [registered] /tp (Rocket.Unturned.Commands.CommandTp/tp)
[4/6/2026 7:27:07 PM] [Info] [registered] /tphere (Rocket.Unturned.Commands.CommandTphere/tphere)
[4/6/2026 7:27:07 PM] [Info] [registered] /tpwp (Rocket.Unturned.Commands.CommandTpwp/tpwp)
[4/6/2026 7:27:07 PM] [Info] Other mapping to: Rocket.Unturned.Commands.UnturnedCommands/unadmin / Rocket.Unturned.Commands.CommandUnadmin/unadmin
[4/6/2026 7:27:07 PM] [Info] [registered] /unadmin (Rocket.Unturned.Commands.CommandUnadmin/unadmin)
[4/6/2026 7:27:07 PM] [Info] [registered] /v (Rocket.Unturned.Commands.CommandV/v)
[4/6/2026 7:27:07 PM] [Info] [registered] /vanish (Rocket.Unturned.Commands.CommandVanish/vanish)
[4/6/2026 7:27:07 PM] [Info] This server will automatically save every 1800 seconds
[4/6/2026 7:27:08 PM] [Info] Steam servers ready!
[4/6/2026 7:27:09 PM] [Info] Workshop install folder: C:\Program Files (x86)\Steam\steamapps\common\U3DS/Servers/Server/Workshop/Steam
[4/6/2026 7:27:09 PM] [Info] 0 workshop item(s) requested
[4/6/2026 7:27:09 PM] [Info] Loading level: 5%
[4/6/2026 7:27:10 PM] [Info] Loading level: 10%
[4/6/2026 7:27:10 PM] [Info] Loading level: 15%
[4/6/2026 7:27:10 PM] [Info] Loading level: 21%
[4/6/2026 7:27:10 PM] [Info] Loading level: 26%
[4/6/2026 7:27:10 PM] [Info] Loading level: 31%
[4/6/2026 7:27:10 PM] [Info] Loading level: 36%
[4/6/2026 7:27:10 PM] [Info] Loading level: 42%
[4/6/2026 7:27:10 PM] [Info] Loading level: 47%
[4/6/2026 7:27:10 PM] [Info] Loading level: 52%
[4/6/2026 7:27:10 PM] [Info] Loading level: 57%
[4/6/2026 7:27:10 PM] [Info] Loading level: 63%
[4/6/2026 7:27:11 PM] [Info] Loading level: 68%
[4/6/2026 7:27:11 PM] [Info] Loading level: 73%
[4/6/2026 7:27:11 PM] [Info] Loading level: 89%
[4/6/2026 7:27:11 PM] [Info] Loading level: 94%
[4/6/2026 7:27:11 PM] [Info] //////////////////////////////////////////////////////
[4/6/2026 7:27:12 PM] [Info] Server Code: 90284013307156501
[4/6/2026 7:27:12 PM] [Info] Your friends can enter this code in the Connect Directly menu to join without port forwarding.
[4/6/2026 7:27:12 PM] [Info] Tip: Use the "CopyServerCode" command to copy the code to your clipboard. Alternatively, in most terminals you can highlight it and press Ctrl+Insert to copy.
[4/6/2026 7:27:12 PM] [Info] //////////////////////////////////////////////////////
[4/6/2026 7:27:12 PM] [Info] Loading level: 100%
[4/6/2026 7:28:16 PM] [Info] Connecting: PlayerID: 76561199466256724 Name: Abibabi Character: Ababe
[4/6/2026 7:28:20 PM] [Info] [World] Ababe [Abibabi]: "/v 1"
[4/6/2026 7:28:25 PM] [Info] Giving Ababe vehicle 1
[4/6/2026 7:28:25 PM] [Info] [World] Ababe [Abibabi]: "/god"
[4/6/2026 7:28:32 PM] [Info] Ababe enabled Godmode
[4/6/2026 7:28:32 PM] [Info] [World] Ababe [Abibabi]: "/ammo"
[4/6/2026 7:28:36 PM] [Info] [World] Ababe [Abibabi]: "/infiniteammo"
[4/6/2026 7:28:50 PM] [Info] [World] Ababe [Abibabi]: "/i 100"
[4/6/2026 7:28:52 PM] [Info] Giving Ababe item 100:1
[4/6/2026 7:28:52 PM] [Info] [World] Ababe [Abibabi]: "/i drum"
[4/6/2026 7:28:55 PM] [Info] Giving Ababe item 1708:1
[4/6/2026 7:28:55 PM] [Info] [World] Ababe [Abibabi]: "/i military"
[4/6/2026 7:29:01 PM] [Info] Giving Ababe item 1491:1
[4/6/2026 7:29:01 PM] [Info] [World] Ababe [Abibabi]: "/i magazine"
[4/6/2026 7:29:26 PM] [Info] Giving Ababe item 98:1
[4/6/2026 7:29:26 PM] [Info] [World] Ababe [Abibabi]: "/maxskills"
[4/6/2026 7:30:18 PM] [Info] Disconnecting: PlayerID: 76561199466256724 Name: Abibabi Character: Ababe
